[debug] [2025-12-29T07:01:00.241Z] ----------------------------------------------------------------------
[debug] [2025-12-29T07:01:00.243Z] Command:       C:\Program Files\nodejs\node.exe C:\Users\intel\AppData\Roaming\npm\node_modules\firebase-tools\lib\bin\firebase.js deploy --only functions
[debug] [2025-12-29T07:01:00.244Z] CLI Version:   14.20.0
[debug] [2025-12-29T07:01:00.244Z] Platform:      win32
[debug] [2025-12-29T07:01:00.244Z] Node Version:  v22.13.1
[debug] [2025-12-29T07:01:00.244Z] Time:          Mon Dec 29 2025 12:31:00 GMT+0530 (India Standard Time)
[debug] [2025-12-29T07:01:00.244Z] ----------------------------------------------------------------------
[debug] 
[debug] [2025-12-29T07:01:00.406Z] > command requires scopes: ["email","openid","https://www.googleapis.com/auth/cloudplatformprojects.readonly","https://www.googleapis.com/auth/firebase","https://www.googleapis.com/auth/cloud-platform"]
[debug] [2025-12-29T07:01:00.406Z] > authorizing via signed-in user (devtoufik@gmail.com)
[debug] [2025-12-29T07:01:00.406Z] [iam] checking project mobile-display-project for permissions ["cloudfunctions.functions.create","cloudfunctions.functions.delete","cloudfunctions.functions.get","cloudfunctions.functions.list","cloudfunctions.functions.update","cloudfunctions.operations.get","firebase.projects.get"]
[debug] [2025-12-29T07:01:00.407Z] Checked if tokens are valid: true, expires at: 1766994650281
[debug] [2025-12-29T07:01:00.407Z] Checked if tokens are valid: true, expires at: 1766994650281
[debug] [2025-12-29T07:01:00.408Z] >>> [apiv2][query] POST https://cloudresourcemanager.googleapis.com/v1/projects/mobile-display-project:testIamPermissions [none]
[debug] [2025-12-29T07:01:00.408Z] >>> [apiv2][(partial)header] POST https://cloudresourcemanager.googleapis.com/v1/projects/mobile-display-project:testIamPermissions x-goog-quota-user=projects/mobile-display-project
[debug] [2025-12-29T07:01:00.408Z] >>> [apiv2][body] POST https://cloudresourcemanager.googleapis.com/v1/projects/mobile-display-project:testIamPermissions {"permissions":["cloudfunctions.functions.create","cloudfunctions.functions.delete","cloudfunctions.functions.get","cloudfunctions.functions.list","cloudfunctions.functions.update","cloudfunctions.operations.get","firebase.projects.get"]}
[debug] [2025-12-29T07:01:01.841Z] <<< [apiv2][status] POST https://cloudresourcemanager.googleapis.com/v1/projects/mobile-display-project:testIamPermissions 200
[debug] [2025-12-29T07:01:01.842Z] <<< [apiv2][body] POST https://cloudresourcemanager.googleapis.com/v1/projects/mobile-display-project:testIamPermissions {"permissions":["cloudfunctions.functions.create","cloudfunctions.functions.delete","cloudfunctions.functions.get","cloudfunctions.functions.list","cloudfunctions.functions.update","cloudfunctions.operations.get","firebase.projects.get"]}
[debug] [2025-12-29T07:01:01.842Z] Checked if tokens are valid: true, expires at: 1766994650281
[debug] [2025-12-29T07:01:01.842Z] Checked if tokens are valid: true, expires at: 1766994650281
[debug] [2025-12-29T07:01:01.842Z] >>> [apiv2][query] POST https://iam.googleapis.com/v1/projects/mobile-display-project/serviceAccounts/mobile-display-project@appspot.gserviceaccount.com:testIamPermissions [none]
[debug] [2025-12-29T07:01:01.842Z] >>> [apiv2][body] POST https://iam.googleapis.com/v1/projects/mobile-display-project/serviceAccounts/mobile-display-project@appspot.gserviceaccount.com:testIamPermissions {"permissions":["iam.serviceAccounts.actAs"]}
[debug] [2025-12-29T07:01:03.549Z] <<< [apiv2][status] POST https://iam.googleapis.com/v1/projects/mobile-display-project/serviceAccounts/mobile-display-project@appspot.gserviceaccount.com:testIamPermissions 200
[debug] [2025-12-29T07:01:03.549Z] <<< [apiv2][body] POST https://iam.googleapis.com/v1/projects/mobile-display-project/serviceAccounts/mobile-display-project@appspot.gserviceaccount.com:testIamPermissions {"permissions":["iam.serviceAccounts.actAs"]}
[info] 
[info] === Deploying to 'mobile-display-project'...
[info] 
[info] i  deploying functions 
[info] +  functions: Finished running predeploy script. 
[debug] [2025-12-29T07:01:03.562Z] Checked if tokens are valid: true, expires at: 1766994650281
[debug] [2025-12-29T07:01:03.562Z] Checked if tokens are valid: true, expires at: 1766994650281
[debug] [2025-12-29T07:01:03.562Z] >>> [apiv2][query] GET https://cloudresourcemanager.googleapis.com/v1/projects/mobile-display-project [none]
[debug] [2025-12-29T07:01:03.875Z] <<< [apiv2][status] GET https://cloudresourcemanager.googleapis.com/v1/projects/mobile-display-project 200
[debug] [2025-12-29T07:01:03.875Z] <<< [apiv2][body] GET https://cloudresourcemanager.googleapis.com/v1/projects/mobile-display-project {"projectNumber":"355261380155","projectId":"mobile-display-project","lifecycleState":"ACTIVE","name":"Mobile Display Project","labels":{"firebase":"enabled","firebase-core":"disabled"},"createTime":"2025-10-16T07:39:39.628551Z"}
[info] i  functions: preparing codebase default for deployment 
[info] i  functions: ensuring required API cloudfunctions.googleapis.com is enabled... 
[info] i  functions: ensuring required API cloudbuild.googleapis.com is enabled... 
[info] i  artifactregistry: ensuring required API artifactregistry.googleapis.com is enabled... 
[debug] [2025-12-29T07:01:03.882Z] Checked if tokens are valid: true, expires at: 1766994650281
[debug] [2025-12-29T07:01:03.882Z] Checked if tokens are valid: true, expires at: 1766994650281
[debug] [2025-12-29T07:01:03.883Z] >>> [apiv2][query] GET https://firebase.googleapis.com/v1beta1/projects/mobile-display-project/adminSdkConfig [none]
[debug] [2025-12-29T07:01:04.856Z] <<< [apiv2][status] GET https://firebase.googleapis.com/v1beta1/projects/mobile-display-project/adminSdkConfig 200
[debug] [2025-12-29T07:01:04.856Z] <<< [apiv2][body] GET https://firebase.googleapis.com/v1beta1/projects/mobile-display-project/adminSdkConfig {"projectId":"mobile-display-project","storageBucket":"mobile-display-project.firebasestorage.app"}
[debug] [2025-12-29T07:01:04.857Z] Checked if tokens are valid: true, expires at: 1766994650281
[debug] [2025-12-29T07:01:04.857Z] Checked if tokens are valid: true, expires at: 1766994650281
[debug] [2025-12-29T07:01:04.857Z] >>> [apiv2][query] GET https://runtimeconfig.googleapis.com/v1beta1/projects/mobile-display-project/configs [none]
[debug] [2025-12-29T07:01:05.451Z] <<< [apiv2][status] GET https://runtimeconfig.googleapis.com/v1beta1/projects/mobile-display-project/configs 200
[debug] [2025-12-29T07:01:05.452Z] <<< [apiv2][body] GET https://runtimeconfig.googleapis.com/v1beta1/projects/mobile-display-project/configs {}
[debug] [2025-12-29T07:01:05.455Z] Validating nodejs source
[warn] !  functions: package.json indicates an outdated version of firebase-functions. Please upgrade using npm install --save firebase-functions@latest in your functions directory. 
[warn] !  functions: Please note that there will be breaking changes when you upgrade. 
[debug] [2025-12-29T07:01:06.910Z] > [functions] package.json contents: {
  "name": "functions",
  "description": "Cloud Functions for Firebase",
  "scripts": {
    "lint": "eslint .",
    "serve": "firebase emulators:start --only functions",
    "shell": "firebase functions:shell",
    "start": "npm run shell",
    "deploy": "firebase deploy --only functions",
    "logs": "firebase functions:log"
  },
  "engines": {
    "node": "22"
  },
  "main": "index.js",
  "dependencies": {
    "firebase-admin": "^12.6.0",
    "firebase-functions": "^6.0.1",
    "sharp": "^0.34.5"
  },
  "devDependencies": {
    "eslint": "^8.15.0",
    "eslint-config-google": "^0.14.0",
    "firebase-functions-test": "^3.1.0"
  },
  "private": true
}
[debug] [2025-12-29T07:01:06.911Z] Building nodejs source
[info] i  functions: Loading and analyzing source code for codebase default to determine what to deploy 
[debug] [2025-12-29T07:01:06.913Z] Could not find functions.yaml. Must use http discovery
[debug] [2025-12-29T07:01:06.932Z] Found firebase-functions binary at 'D:\Intellij_Project\mobile-display-ecommerce\functions\node_modules\.bin\firebase-functions'
[info] Serving at port 8943

[debug] [2025-12-29T07:01:07.380Z] Got response from /__/functions.yaml {"endpoints":{"convertToAvif":{"platform":"gcfv2","availableMemoryMb":512,"timeoutSeconds":null,"minInstances":null,"maxInstances":10,"ingressSettings":null,"concurrency":null,"serviceAccountEmail":null,"vpc":null,"region":["us-central1"],"labels":{},"eventTrigger":{"eventType":"google.cloud.storage.object.v1.finalized","eventFilters":{"bucket":"mobile-display-project.firebasestorage.app"},"retry":false},"entryPoint":"convertToAvif"}},"specVersion":"v1alpha1","requiredAPIs":[],"extensions":{}}
[info] i  extensions: ensuring required API firebaseextensions.googleapis.com is enabled... 
[debug] [2025-12-29T07:01:11.429Z] > command requires scopes: ["email","openid","https://www.googleapis.com/auth/cloudplatformprojects.readonly","https://www.googleapis.com/auth/firebase","https://www.googleapis.com/auth/cloud-platform"]
[debug] [2025-12-29T07:01:11.429Z] > authorizing via signed-in user (devtoufik@gmail.com)
[debug] [2025-12-29T07:01:11.429Z] [iam] checking project mobile-display-project for permissions ["firebase.projects.get","firebaseextensions.instances.list"]
[debug] [2025-12-29T07:01:11.429Z] Checked if tokens are valid: true, expires at: 1766994650281
[debug] [2025-12-29T07:01:11.430Z] Checked if tokens are valid: true, expires at: 1766994650281
[debug] [2025-12-29T07:01:11.430Z] >>> [apiv2][query] POST https://cloudresourcemanager.googleapis.com/v1/projects/mobile-display-project:testIamPermissions [none]
[debug] [2025-12-29T07:01:11.430Z] >>> [apiv2][(partial)header] POST https://cloudresourcemanager.googleapis.com/v1/projects/mobile-display-project:testIamPermissions x-goog-quota-user=projects/mobile-display-project
[debug] [2025-12-29T07:01:11.430Z] >>> [apiv2][body] POST https://cloudresourcemanager.googleapis.com/v1/projects/mobile-display-project:testIamPermissions {"permissions":["firebase.projects.get","firebaseextensions.instances.list"]}
[debug] [2025-12-29T07:01:12.761Z] <<< [apiv2][status] POST https://cloudresourcemanager.googleapis.com/v1/projects/mobile-display-project:testIamPermissions 200
[debug] [2025-12-29T07:01:12.762Z] <<< [apiv2][body] POST https://cloudresourcemanager.googleapis.com/v1/projects/mobile-display-project:testIamPermissions {"permissions":["firebase.projects.get","firebaseextensions.instances.list"]}
[debug] [2025-12-29T07:01:12.762Z] Checked if tokens are valid: true, expires at: 1766994650281
[debug] [2025-12-29T07:01:12.762Z] Checked if tokens are valid: true, expires at: 1766994650281
[debug] [2025-12-29T07:01:12.763Z] >>> [apiv2][query] GET https://firebaseextensions.googleapis.com/v1beta/projects/mobile-display-project/instances pageSize=100&pageToken=
[debug] [2025-12-29T07:01:14.364Z] <<< [apiv2][status] GET https://firebaseextensions.googleapis.com/v1beta/projects/mobile-display-project/instances 200
[debug] [2025-12-29T07:01:14.365Z] <<< [apiv2][body] GET https://firebaseextensions.googleapis.com/v1beta/projects/mobile-display-project/instances {}
[info] i  functions: preparing functions directory for uploading... 
[info] i  functions: packaged D:\Intellij_Project\mobile-display-ecommerce\functions (80.54 KB) for uploading 
[debug] [2025-12-29T07:01:14.448Z] Checked if tokens are valid: true, expires at: 1766994650281
[debug] [2025-12-29T07:01:14.448Z] Checked if tokens are valid: true, expires at: 1766994650281
[debug] [2025-12-29T07:01:14.448Z] >>> [apiv2][query] GET https://cloudfunctions.googleapis.com/v1/projects/mobile-display-project/locations/-/functions [none]
[debug] [2025-12-29T07:01:15.334Z] <<< [apiv2][status] GET https://cloudfunctions.googleapis.com/v1/projects/mobile-display-project/locations/-/functions 200
[debug] [2025-12-29T07:01:15.334Z] <<< [apiv2][body] GET https://cloudfunctions.googleapis.com/v1/projects/mobile-display-project/locations/-/functions {}
[debug] [2025-12-29T07:01:15.335Z] Checked if tokens are valid: true, expires at: 1766994650281
[debug] [2025-12-29T07:01:15.335Z] Checked if tokens are valid: true, expires at: 1766994650281
[debug] [2025-12-29T07:01:15.335Z] >>> [apiv2][query] GET https://cloudfunctions.googleapis.com/v2/projects/mobile-display-project/locations/-/functions filter=environment%3D%22GEN_2%22
[debug] [2025-12-29T07:01:16.856Z] <<< [apiv2][status] GET https://cloudfunctions.googleapis.com/v2/projects/mobile-display-project/locations/-/functions 200
[debug] [2025-12-29T07:01:16.857Z] <<< [apiv2][body] GET https://cloudfunctions.googleapis.com/v2/projects/mobile-display-project/locations/-/functions {"functions":[{"name":"projects/mobile-display-project/locations/us-central1/functions/convertToAvif","buildConfig":{"build":"projects/355261380155/locations/us-central1/builds/fce01ddd-84ab-4696-88d3-ad030dc9705d","runtime":"nodejs22","entryPoint":"convertToAvif","source":{"storageSource":{"bucket":"gcf-v2-sources-355261380155-us-central1","object":"convertToAvif/function-source.zip","generation":"1766991281196708"}},"environmentVariables":{"GOOGLE_NODE_RUN_SCRIPTS":""},"dockerRepository":"projects/mobile-display-project/locations/us-central1/repositories/gcf-artifacts","sourceProvenance":{"resolvedStorageSource":{"bucket":"gcf-v2-sources-355261380155-us-central1","object":"convertToAvif/function-source.zip","generation":"1766991281196708"}},"dockerRegistry":"ARTIFACT_REGISTRY","serviceAccount":"projects/mobile-display-project/serviceAccounts/355261380155-compute@developer.gserviceaccount.com","automaticUpdatePolicy":{}},"serviceConfig":{"service":"projects/mobile-display-project/locations/us-central1/services/converttoavif","timeoutSeconds":60,"environmentVariables":{"FIREBASE_CONFIG":"{\"projectId\":\"mobile-display-project\",\"storageBucket\":\"mobile-display-project.firebasestorage.app\"}","GCLOUD_PROJECT":"mobile-display-project","EVENTARC_CLOUD_EVENT_SOURCE":"projects/mobile-display-project/locations/us-central1/services/convertToAvif","FUNCTION_SIGNATURE_TYPE":"cloudevent","FUNCTION_TARGET":"convertToAvif","LOG_EXECUTION_ID":"true"},"maxInstanceCount":10,"ingressSettings":"ALLOW_ALL","uri":"https://converttoavif-zd7e5hnt7q-uc.a.run.app","serviceAccountEmail":"355261380155-compute@developer.gserviceaccount.com","availableMemory":"512Mi","allTrafficOnLatestRevision":true,"revision":"converttoavif-00003-cav","maxInstanceRequestConcurrency":80,"availableCpu":"1"},"eventTrigger":{"trigger":"projects/mobile-display-project/locations/us-central1/triggers/converttoavif-922515","triggerRegion":"us-central1","eventType":"google.cloud.storage.object.v1.finalized","eventFilters":[{"attribute":"bucket","value":"mobile-display-project.firebasestorage.app"}],"pubsubTopic":"projects/mobile-display-project/topics/eventarc-us-central1-converttoavif-922515-319","serviceAccountEmail":"355261380155-compute@developer.gserviceaccount.com","retryPolicy":"RETRY_POLICY_DO_NOT_RETRY"},"state":"ACTIVE","updateTime":"2025-12-29T06:55:33.511894917Z","labels":{"deployment-tool":"cli-firebase","firebase-functions-hash":"abd1e8f040a5093e94fdb9996d179be0b3d79e36"},"environment":"GEN_2","url":"https://us-central1-mobile-display-project.cloudfunctions.net/convertToAvif","createTime":"2025-12-29T05:59:59.739719642Z","satisfiesPzi":true}]}
[info] i  functions: ensuring required API run.googleapis.com is enabled... 
[info] i  functions: ensuring required API eventarc.googleapis.com is enabled... 
[info] i  functions: ensuring required API pubsub.googleapis.com is enabled... 
[info] i  functions: ensuring required API storage.googleapis.com is enabled... 
[info] i  functions: generating the service identity for pubsub.googleapis.com... 
[debug] [2025-12-29T07:01:16.869Z] Checked if tokens are valid: true, expires at: 1766994650281
[debug] [2025-12-29T07:01:16.869Z] Checked if tokens are valid: true, expires at: 1766994650281
[info] i  functions: generating the service identity for eventarc.googleapis.com... 
[debug] [2025-12-29T07:01:16.871Z] Checked if tokens are valid: true, expires at: 1766994650281
[debug] [2025-12-29T07:01:16.871Z] Checked if tokens are valid: true, expires at: 1766994650281
[debug] [2025-12-29T07:01:16.871Z] >>> [apiv2][query] POST https://serviceusage.googleapis.com/v1beta1/projects/355261380155/services/pubsub.googleapis.com:generateServiceIdentity [none]
[debug] [2025-12-29T07:01:16.871Z] >>> [apiv2][(partial)header] POST https://serviceusage.googleapis.com/v1beta1/projects/355261380155/services/pubsub.googleapis.com:generateServiceIdentity x-goog-quota-user=projects/355261380155
[debug] [2025-12-29T07:01:16.872Z] >>> [apiv2][body] POST https://serviceusage.googleapis.com/v1beta1/projects/355261380155/services/pubsub.googleapis.com:generateServiceIdentity {}
[debug] [2025-12-29T07:01:16.875Z] >>> [apiv2][query] POST https://serviceusage.googleapis.com/v1beta1/projects/355261380155/services/eventarc.googleapis.com:generateServiceIdentity [none]
[debug] [2025-12-29T07:01:16.875Z] >>> [apiv2][(partial)header] POST https://serviceusage.googleapis.com/v1beta1/projects/355261380155/services/eventarc.googleapis.com:generateServiceIdentity x-goog-quota-user=projects/355261380155
[debug] [2025-12-29T07:01:16.876Z] >>> [apiv2][body] POST https://serviceusage.googleapis.com/v1beta1/projects/355261380155/services/eventarc.googleapis.com:generateServiceIdentity {}
[debug] [2025-12-29T07:01:18.699Z] <<< [apiv2][status] POST https://serviceusage.googleapis.com/v1beta1/projects/355261380155/services/pubsub.googleapis.com:generateServiceIdentity 200
[debug] [2025-12-29T07:01:18.699Z] <<< [apiv2][body] POST https://serviceusage.googleapis.com/v1beta1/projects/355261380155/services/pubsub.googleapis.com:generateServiceIdentity {"name":"operations/finished.DONE_OPERATION","done":true,"response":{"@type":"type.googleapis.com/google.api.serviceusage.v1beta1.ServiceIdentity","email":"service-355261380155@gcp-sa-pubsub.iam.gserviceaccount.com","uniqueId":"106365406357793454806"}}
[debug] [2025-12-29T07:01:18.701Z] <<< [apiv2][status] POST https://serviceusage.googleapis.com/v1beta1/projects/355261380155/services/eventarc.googleapis.com:generateServiceIdentity 200
[debug] [2025-12-29T07:01:18.701Z] <<< [apiv2][body] POST https://serviceusage.googleapis.com/v1beta1/projects/355261380155/services/eventarc.googleapis.com:generateServiceIdentity {"name":"operations/finished.DONE_OPERATION","done":true,"response":{"@type":"type.googleapis.com/google.api.serviceusage.v1beta1.ServiceIdentity","email":"service-355261380155@gcp-sa-eventarc.iam.gserviceaccount.com","uniqueId":"109201219725811556657"}}
[debug] [2025-12-29T07:01:18.704Z] Checked if tokens are valid: true, expires at: 1766994650281
[debug] [2025-12-29T07:01:18.704Z] Checked if tokens are valid: true, expires at: 1766994650281
[debug] [2025-12-29T07:01:18.705Z] >>> [apiv2][query] GET https://cloudresourcemanager.googleapis.com/v1/projects/mobile-display-project [none]
[debug] [2025-12-29T07:01:20.098Z] <<< [apiv2][status] GET https://cloudresourcemanager.googleapis.com/v1/projects/mobile-display-project 200
[debug] [2025-12-29T07:01:20.099Z] <<< [apiv2][body] GET https://cloudresourcemanager.googleapis.com/v1/projects/mobile-display-project {"projectNumber":"355261380155","projectId":"mobile-display-project","lifecycleState":"ACTIVE","name":"Mobile Display Project","labels":{"firebase":"enabled","firebase-core":"disabled"},"createTime":"2025-10-16T07:39:39.628551Z"}
[debug] [2025-12-29T07:01:20.099Z] Checked if tokens are valid: true, expires at: 1766994650281
[debug] [2025-12-29T07:01:20.099Z] Checked if tokens are valid: true, expires at: 1766994650281
[debug] [2025-12-29T07:01:20.099Z] >>> [apiv2][query] GET https://compute.googleapis.com/compute/v1/projects/355261380155 [none]
[debug] [2025-12-29T07:01:20.658Z] <<< [apiv2][status] GET https://compute.googleapis.com/compute/v1/projects/355261380155 403
[debug] [2025-12-29T07:01:20.659Z] <<< [apiv2][body] GET https://compute.googleapis.com/compute/v1/projects/355261380155 {"error":{"code":403,"message":"Compute Engine API has not been used in project 355261380155 before or it is disabled. Enable it by visiting https://console.developers.google.com/apis/api/compute.googleapis.com/overview?project=355261380155 then retry. If you enabled this API recently, wait a few minutes for the action to propagate to our systems and retry.","errors":[{"message":"Compute Engine API has not been used in project 355261380155 before or it is disabled. Enable it by visiting https://console.developers.google.com/apis/api/compute.googleapis.com/overview?project=355261380155 then retry. If you enabled this API recently, wait a few minutes for the action to propagate to our systems and retry.","domain":"usageLimits","reason":"accessNotConfigured","extendedHelp":"https://console.developers.google.com"}],"status":"PERMISSION_DENIED","details":[{"@type":"type.googleapis.com/google.rpc.ErrorInfo","reason":"SERVICE_DISABLED","domain":"googleapis.com","metadata":{"activationUrl":"https://console.developers.google.com/apis/api/compute.googleapis.com/overview?project=355261380155","serviceTitle":"Compute Engine API","containerInfo":"355261380155","service":"compute.googleapis.com","consumer":"projects/355261380155"}},{"@type":"type.googleapis.com/google.rpc.LocalizedMessage","locale":"en-US","message":"Compute Engine API has not been used in project 355261380155 before or it is disabled. Enable it by visiting https://console.developers.google.com/apis/api/compute.googleapis.com/overview?project=355261380155 then retry. If you enabled this API recently, wait a few minutes for the action to propagate to our systems and retry."},{"@type":"type.googleapis.com/google.rpc.Help","links":[{"description":"Google developers console API activation","url":"https://console.developers.google.com/apis/api/compute.googleapis.com/overview?project=355261380155"}]}]}}
[debug] [2025-12-29T07:01:20.660Z] unable to look up default compute service account. Falling back to 355261380155-compute@developer.gserviceaccount.com. Error: {"name":"FirebaseError","children":[],"context":{"body":{"error":{"code":403,"message":"Compute Engine API has not been used in project 355261380155 before or it is disabled. Enable it by visiting https://console.developers.google.com/apis/api/compute.googleapis.com/overview?project=355261380155 then retry. If you enabled this API recently, wait a few minutes for the action to propagate to our systems and retry.","errors":[{"message":"Compute Engine API has not been used in project 355261380155 before or it is disabled. Enable it by visiting https://console.developers.google.com/apis/api/compute.googleapis.com/overview?project=355261380155 then retry. If you enabled this API recently, wait a few minutes for the action to propagate to our systems and retry.","domain":"usageLimits","reason":"accessNotConfigured","extendedHelp":"https://console.developers.google.com"}],"status":"PERMISSION_DENIED","details":[{"@type":"type.googleapis.com/google.rpc.ErrorInfo","reason":"SERVICE_DISABLED","domain":"googleapis.com","metadata":{"activationUrl":"https://console.developers.google.com/apis/api/compute.googleapis.com/overview?project=355261380155","serviceTitle":"Compute Engine API","containerInfo":"355261380155","service":"compute.googleapis.com","consumer":"projects/355261380155"}},{"@type":"type.googleapis.com/google.rpc.LocalizedMessage","locale":"en-US","message":"Compute Engine API has not been used in project 355261380155 before or it is disabled. Enable it by visiting https://console.developers.google.com/apis/api/compute.googleapis.com/overview?project=355261380155 then retry. If you enabled this API recently, wait a few minutes for the action to propagate to our systems and retry."},{"@type":"type.googleapis.com/google.rpc.Help","links":[{"description":"Google developers console API activation","url":"https://console.developers.google.com/apis/api/compute.googleapis.com/overview?project=355261380155"}]}]}},"response":{"statusCode":403}},"exit":1,"message":"Request to https://compute.googleapis.com/compute/v1/projects/355261380155 had HTTP Error: 403, Compute Engine API has not been used in project 355261380155 before or it is disabled. Enable it by visiting https://console.developers.google.com/apis/api/compute.googleapis.com/overview?project=355261380155 then retry. If you enabled this API recently, wait a few minutes for the action to propagate to our systems and retry.","status":403}
[debug] [2025-12-29T07:01:20.661Z] Checked if tokens are valid: true, expires at: 1766994650281
[debug] [2025-12-29T07:01:20.661Z] Checked if tokens are valid: true, expires at: 1766994650281
[debug] [2025-12-29T07:01:20.662Z] >>> [apiv2][query] GET https://cloudbilling.googleapis.com/v1/projects/mobile-display-project/billingInfo [none]
[debug] [2025-12-29T07:01:22.146Z] <<< [apiv2][status] GET https://cloudbilling.googleapis.com/v1/projects/mobile-display-project/billingInfo 200
[debug] [2025-12-29T07:01:22.146Z] <<< [apiv2][body] GET https://cloudbilling.googleapis.com/v1/projects/mobile-display-project/billingInfo {"name":"projects/mobile-display-project/billingInfo","projectId":"mobile-display-project","billingAccountName":"billingAccounts/0189AB-7E9F75-B897EE","billingEnabled":true}
[debug] [2025-12-29T07:01:22.151Z] Checked if tokens are valid: true, expires at: 1766994650281
[debug] [2025-12-29T07:01:22.151Z] Checked if tokens are valid: true, expires at: 1766994650281
[debug] [2025-12-29T07:01:22.151Z] >>> [apiv2][query] POST https://cloudfunctions.googleapis.com/v2/projects/mobile-display-project/locations/us-central1/functions:generateUploadUrl [none]
[debug] [2025-12-29T07:01:23.580Z] <<< [apiv2][status] POST https://cloudfunctions.googleapis.com/v2/projects/mobile-display-project/locations/us-central1/functions:generateUploadUrl 200
[debug] [2025-12-29T07:01:23.580Z] <<< [apiv2][body] POST https://cloudfunctions.googleapis.com/v2/projects/mobile-display-project/locations/us-central1/functions:generateUploadUrl {"uploadUrl":"https://storage.googleapis.com/gcf-v2-uploads-355261380155.us-central1.cloudfunctions.appspot.com/b730aaf3-5f6e-478f-b228-c0bc1fd58e2f.zip?GoogleAccessId=service-355261380155@gcf-admin-robot.iam.gserviceaccount.com&Expires=1766993492&Signature=gMW1TUxpFcQ2kCHOCsQ%2BmmKe3mVlitpz5PUjcuvkSJjHz7zvp1NT8Vj%2FDuCMATTAvZhRBHbhPQXmkXverEsvmnZus2LlRKql5wB9Y0qkhOjGMd3xtf1tohu2bOsXCAmxN%2Fp2nSYqaTFWd970kNtnpe82GV4BXSzxQ%2BqC67Bm3I1sPjdO0RyNPVg5zJTQ4FIxkEc19Is5z3hGBiqaSGRn91o9oF%2BNUqGDlE27q5eD%2FcxnlvDXHghlGgfaKOrcJljaj5ZOLrQYypik3N4HjLgAFbZptBtOLkYmig9L27t9orP%2FIUpaPuXR22DD%2F7zZC0tNLP7lxxkJaoRhWeX9U7rDeQ%3D%3D","storageSource":{"bucket":"gcf-v2-uploads-355261380155.us-central1.cloudfunctions.appspot.com","object":"b730aaf3-5f6e-478f-b228-c0bc1fd58e2f.zip"}}
[debug] [2025-12-29T07:01:23.581Z] >>> [apiv2][query] PUT https://storage.googleapis.com/gcf-v2-uploads-355261380155.us-central1.cloudfunctions.appspot.com/b730aaf3-5f6e-478f-b228-c0bc1fd58e2f.zip GoogleAccessId=service-355261380155%40gcf-admin-robot.iam.gserviceaccount.com&Expires=1766993492&Signature=gMW1TUxpFcQ2kCHOCsQ%2BmmKe3mVlitpz5PUjcuvkSJjHz7zvp1NT8Vj%2FDuCMATTAvZhRBHbhPQXmkXverEsvmnZus2LlRKql5wB9Y0qkhOjGMd3xtf1tohu2bOsXCAmxN%2Fp2nSYqaTFWd970kNtnpe82GV4BXSzxQ%2BqC67Bm3I1sPjdO0RyNPVg5zJTQ4FIxkEc19Is5z3hGBiqaSGRn91o9oF%2BNUqGDlE27q5eD%2FcxnlvDXHghlGgfaKOrcJljaj5ZOLrQYypik3N4HjLgAFbZptBtOLkYmig9L27t9orP%2FIUpaPuXR22DD%2F7zZC0tNLP7lxxkJaoRhWeX9U7rDeQ%3D%3D
[debug] [2025-12-29T07:01:23.581Z] >>> [apiv2][body] PUT https://storage.googleapis.com/gcf-v2-uploads-355261380155.us-central1.cloudfunctions.appspot.com/b730aaf3-5f6e-478f-b228-c0bc1fd58e2f.zip [stream]
[debug] [2025-12-29T07:01:24.607Z] <<< [apiv2][status] PUT https://storage.googleapis.com/gcf-v2-uploads-355261380155.us-central1.cloudfunctions.appspot.com/b730aaf3-5f6e-478f-b228-c0bc1fd58e2f.zip 200
[debug] [2025-12-29T07:01:24.607Z] <<< [apiv2][body] PUT https://storage.googleapis.com/gcf-v2-uploads-355261380155.us-central1.cloudfunctions.appspot.com/b730aaf3-5f6e-478f-b228-c0bc1fd58e2f.zip [omitted]
[info] +  functions: functions source uploaded successfully 
[info] i  functions: updating Node.js 22 (2nd Gen) function convertToAvif(us-central1)... 
[debug] [2025-12-29T07:01:24.615Z] Checked if tokens are valid: true, expires at: 1766994650281
[debug] [2025-12-29T07:01:24.616Z] Checked if tokens are valid: true, expires at: 1766994650281
[debug] [2025-12-29T07:01:24.616Z] >>> [apiv2][query] PATCH https://cloudfunctions.googleapis.com/v2/projects/mobile-display-project/locations/us-central1/functions/convertToAvif updateMask=name%2CbuildConfig.runtime%2CbuildConfig.entryPoint%2CbuildConfig.source.storageSource.bucket%2CbuildConfig.source.storageSource.object%2CbuildConfig.environmentVariables%2CbuildConfig.sourceToken%2CserviceConfig.environmentVariables%2CserviceConfig.ingressSettings%2CserviceConfig.timeoutSeconds%2CserviceConfig.serviceAccountEmail%2CserviceConfig.availableMemory%2CserviceConfig.minInstanceCount%2CserviceConfig.maxInstanceCount%2CserviceConfig.maxInstanceRequestConcurrency%2CserviceConfig.availableCpu%2CserviceConfig.vpcConnector%2CserviceConfig.vpcConnectorEgressSettings%2Clabels%2CeventTrigger.eventType%2CeventTrigger.retryPolicy%2CeventTrigger.eventFilters%2CeventTrigger.triggerRegion
[debug] [2025-12-29T07:01:24.616Z] >>> [apiv2][body] PATCH https://cloudfunctions.googleapis.com/v2/projects/mobile-display-project/locations/us-central1/functions/convertToAvif {"name":"projects/mobile-display-project/locations/us-central1/functions/convertToAvif","buildConfig":{"runtime":"nodejs22","entryPoint":"convertToAvif","source":{"storageSource":{"bucket":"gcf-v2-uploads-355261380155.us-central1.cloudfunctions.appspot.com","object":"b730aaf3-5f6e-478f-b228-c0bc1fd58e2f.zip"}},"environmentVariables":{"GOOGLE_NODE_RUN_SCRIPTS":""}},"serviceConfig":{"environmentVariables":{"FIREBASE_CONFIG":"{\"projectId\":\"mobile-display-project\",\"storageBucket\":\"mobile-display-project.firebasestorage.app\"}","GCLOUD_PROJECT":"mobile-display-project","EVENTARC_CLOUD_EVENT_SOURCE":"projects/mobile-display-project/locations/us-central1/services/convertToAvif","FUNCTION_SIGNATURE_TYPE":"cloudevent","FUNCTION_TARGET":"convertToAvif","LOG_EXECUTION_ID":"true"},"ingressSettings":null,"timeoutSeconds":null,"serviceAccountEmail":null,"availableMemory":"512Mi","minInstanceCount":null,"maxInstanceCount":10,"maxInstanceRequestConcurrency":80,"availableCpu":"1","vpcConnector":null,"vpcConnectorEgressSettings":null},"labels":{"deployment-tool":"cli-firebase","firebase-functions-hash":"c479815b755bff3cd3930db4c1e61403eaa3f26b"},"eventTrigger":{"eventType":"google.cloud.storage.object.v1.finalized","retryPolicy":"RETRY_POLICY_DO_NOT_RETRY","eventFilters":[{"attribute":"bucket","value":"mobile-display-project.firebasestorage.app"}],"triggerRegion":"us-central1"}}
[debug] [2025-12-29T07:01:26.612Z] <<< [apiv2][status] PATCH https://cloudfunctions.googleapis.com/v2/projects/mobile-display-project/locations/us-central1/functions/convertToAvif 200
[debug] [2025-12-29T07:01:26.612Z] <<< [apiv2][body] PATCH https://cloudfunctions.googleapis.com/v2/projects/mobile-display-project/locations/us-central1/functions/convertToAvif {"name":"projects/mobile-display-project/locations/us-central1/operations/operation-1766991694848-64711d04ae227-2d89683a-eca346a2","metadata":{"@type":"type.googleapis.com/google.cloud.functions.v2.OperationMetadata","createTime":"2025-12-29T07:01:35.585795305Z","target":"projects/mobile-display-project/locations/us-central1/functions/convertToAvif","verb":"update","cancelRequested":false,"apiVersion":"v2"},"done":false}
[debug] [2025-12-29T07:01:26.614Z] Checked if tokens are valid: true, expires at: 1766994650281
[debug] [2025-12-29T07:01:26.614Z] Checked if tokens are valid: true, expires at: 1766994650281
[debug] [2025-12-29T07:01:26.614Z] >>> [apiv2][query] GET https://cloudfunctions.googleapis.com/v2/projects/mobile-display-project/locations/us-central1/operations/operation-1766991694848-64711d04ae227-2d89683a-eca346a2 [none]
[debug] [2025-12-29T07:01:27.911Z] <<< [apiv2][status] GET https://cloudfunctions.googleapis.com/v2/projects/mobile-display-project/locations/us-central1/operations/operation-1766991694848-64711d04ae227-2d89683a-eca346a2 200
[debug] [2025-12-29T07:01:27.911Z] <<< [apiv2][body] GET https://cloudfunctions.googleapis.com/v2/projects/mobile-display-project/locations/us-central1/operations/operation-1766991694848-64711d04ae227-2d89683a-eca346a2 {"name":"projects/mobile-display-project/locations/us-central1/operations/operation-1766991694848-64711d04ae227-2d89683a-eca346a2","metadata":{"@type":"type.googleapis.com/google.cloud.functions.v2.OperationMetadata","createTime":"2025-12-29T07:01:35.585795305Z","target":"projects/mobile-display-project/locations/us-central1/functions/convertToAvif","verb":"update","cancelRequested":false,"apiVersion":"v2","requestResource":{"@type":"type.googleapis.com/google.cloud.functions.v2.Function","name":"projects/mobile-display-project/locations/us-central1/functions/convertToAvif","buildConfig":{"runtime":"nodejs22","entryPoint":"convertToAvif","source":{"storageSource":{"bucket":"gcf-v2-sources-355261380155-us-central1","object":"convertToAvif/function-source.zip","generation":"1766991695539770"}},"environmentVariables":{"GOOGLE_NODE_RUN_SCRIPTS":""},"dockerRepository":"projects/mobile-display-project/locations/us-central1/repositories/gcf-artifacts","sourceProvenance":{"resolvedStorageSource":{"bucket":"gcf-v2-sources-355261380155-us-central1","object":"convertToAvif/function-source.zip","generation":"1766991281196708"}},"dockerRegistry":"ARTIFACT_REGISTRY","serviceAccount":"projects/mobile-display-project/serviceAccounts/355261380155-compute@developer.gserviceaccount.com","automaticUpdatePolicy":{}},"serviceConfig":{"service":"projects/mobile-display-project/locations/us-central1/services/converttoavif","timeoutSeconds":60,"environmentVariables":{"FIREBASE_CONFIG":"{\"projectId\":\"mobile-display-project\",\"storageBucket\":\"mobile-display-project.firebasestorage.app\"}","GCLOUD_PROJECT":"mobile-display-project","EVENTARC_CLOUD_EVENT_SOURCE":"projects/mobile-display-project/locations/us-central1/services/convertToAvif","FUNCTION_SIGNATURE_TYPE":"cloudevent","FUNCTION_TARGET":"convertToAvif","LOG_EXECUTION_ID":"true"},"maxInstanceCount":10,"ingressSettings":"ALLOW_ALL","uri":"https://converttoavif-zd7e5hnt7q-uc.a.run.app","serviceAccountEmail":"355261380155-compute@developer.gserviceaccount.com","availableMemory":"512Mi","allTrafficOnLatestRevision":true,"revision":"converttoavif-00003-cav","maxInstanceRequestConcurrency":80,"availableCpu":"1"},"eventTrigger":{"trigger":"projects/mobile-display-project/locations/us-central1/triggers/converttoavif-922515","triggerRegion":"us-central1","eventType":"google.cloud.storage.object.v1.finalized","eventFilters":[{"attribute":"bucket","value":"mobile-display-project.firebasestorage.app"}],"pubsubTopic":"projects/mobile-display-project/topics/eventarc-us-central1-converttoavif-922515-319","serviceAccountEmail":"355261380155-compute@developer.gserviceaccount.com","retryPolicy":"RETRY_POLICY_DO_NOT_RETRY"},"state":"ACTIVE","labels":{"deployment-tool":"cli-firebase","firebase-functions-hash":"c479815b755bff3cd3930db4c1e61403eaa3f26b"},"environment":"GEN_2","url":"https://us-central1-mobile-display-project.cloudfunctions.net/convertToAvif","satisfiesPzi":true},"stages":[{"name":"BUILD","message":"Build in progress","state":"IN_PROGRESS","resource":"projects/355261380155/locations/us-central1/builds/58fb9466-b69f-430e-81eb-e4098797e5c0","resourceUri":"https://console.cloud.google.com/cloud-build/builds;region=us-central1/58fb9466-b69f-430e-81eb-e4098797e5c0?project=355261380155"},{"name":"SERVICE","state":"NOT_STARTED"},{"name":"TRIGGER","state":"NOT_STARTED"}],"operationType":"UPDATE_FUNCTION","buildName":"projects/355261380155/locations/us-central1/builds/58fb9466-b69f-430e-81eb-e4098797e5c0"},"done":false}
[debug] [2025-12-29T07:01:28.424Z] [update-default-us-central1-convertToAvif] Retrying task index 0
[debug] [2025-12-29T07:01:28.424Z] Checked if tokens are valid: true, expires at: 1766994650281
[debug] [2025-12-29T07:01:28.425Z] Checked if tokens are valid: true, expires at: 1766994650281
[debug] [2025-12-29T07:01:28.425Z] >>> [apiv2][query] GET https://cloudfunctions.googleapis.com/v2/projects/mobile-display-project/locations/us-central1/operations/operation-1766991694848-64711d04ae227-2d89683a-eca346a2 [none]
[debug] [2025-12-29T07:01:29.638Z] <<< [apiv2][status] GET https://cloudfunctions.googleapis.com/v2/projects/mobile-display-project/locations/us-central1/operations/operation-1766991694848-64711d04ae227-2d89683a-eca346a2 200
[debug] [2025-12-29T07:01:29.638Z] <<< [apiv2][body] GET https://cloudfunctions.googleapis.com/v2/projects/mobile-display-project/locations/us-central1/operations/operation-1766991694848-64711d04ae227-2d89683a-eca346a2 {"name":"projects/mobile-display-project/locations/us-central1/operations/operation-1766991694848-64711d04ae227-2d89683a-eca346a2","metadata":{"@type":"type.googleapis.com/google.cloud.functions.v2.OperationMetadata","createTime":"2025-12-29T07:01:35.585795305Z","target":"projects/mobile-display-project/locations/us-central1/functions/convertToAvif","verb":"update","cancelRequested":false,"apiVersion":"v2","requestResource":{"@type":"type.googleapis.com/google.cloud.functions.v2.Function","name":"projects/mobile-display-project/locations/us-central1/functions/convertToAvif","buildConfig":{"runtime":"nodejs22","entryPoint":"convertToAvif","source":{"storageSource":{"bucket":"gcf-v2-sources-355261380155-us-central1","object":"convertToAvif/function-source.zip","generation":"1766991695539770"}},"environmentVariables":{"GOOGLE_NODE_RUN_SCRIPTS":""},"dockerRepository":"projects/mobile-display-project/locations/us-central1/repositories/gcf-artifacts","sourceProvenance":{"resolvedStorageSource":{"bucket":"gcf-v2-sources-355261380155-us-central1","object":"convertToAvif/function-source.zip","generation":"1766991281196708"}},"dockerRegistry":"ARTIFACT_REGISTRY","serviceAccount":"projects/mobile-display-project/serviceAccounts/355261380155-compute@developer.gserviceaccount.com","automaticUpdatePolicy":{}},"serviceConfig":{"service":"projects/mobile-display-project/locations/us-central1/services/converttoavif","timeoutSeconds":60,"environmentVariables":{"FIREBASE_CONFIG":"{\"projectId\":\"mobile-display-project\",\"storageBucket\":\"mobile-display-project.firebasestorage.app\"}","GCLOUD_PROJECT":"mobile-display-project","EVENTARC_CLOUD_EVENT_SOURCE":"projects/mobile-display-project/locations/us-central1/services/convertToAvif","FUNCTION_SIGNATURE_TYPE":"cloudevent","FUNCTION_TARGET":"convertToAvif","LOG_EXECUTION_ID":"true"},"maxInstanceCount":10,"ingressSettings":"ALLOW_ALL","uri":"https://converttoavif-zd7e5hnt7q-uc.a.run.app","serviceAccountEmail":"355261380155-compute@developer.gserviceaccount.com","availableMemory":"512Mi","allTrafficOnLatestRevision":true,"revision":"converttoavif-00003-cav","maxInstanceRequestConcurrency":80,"availableCpu":"1"},"eventTrigger":{"trigger":"projects/mobile-display-project/locations/us-central1/triggers/converttoavif-922515","triggerRegion":"us-central1","eventType":"google.cloud.storage.object.v1.finalized","eventFilters":[{"attribute":"bucket","value":"mobile-display-project.firebasestorage.app"}],"pubsubTopic":"projects/mobile-display-project/topics/eventarc-us-central1-converttoavif-922515-319","serviceAccountEmail":"355261380155-compute@developer.gserviceaccount.com","retryPolicy":"RETRY_POLICY_DO_NOT_RETRY"},"state":"ACTIVE","labels":{"deployment-tool":"cli-firebase","firebase-functions-hash":"c479815b755bff3cd3930db4c1e61403eaa3f26b"},"environment":"GEN_2","url":"https://us-central1-mobile-display-project.cloudfunctions.net/convertToAvif","satisfiesPzi":true},"stages":[{"name":"BUILD","message":"Build in progress","state":"IN_PROGRESS","resource":"projects/355261380155/locations/us-central1/builds/58fb9466-b69f-430e-81eb-e4098797e5c0","resourceUri":"https://console.cloud.google.com/cloud-build/builds;region=us-central1/58fb9466-b69f-430e-81eb-e4098797e5c0?project=355261380155"},{"name":"SERVICE","state":"NOT_STARTED"},{"name":"TRIGGER","state":"NOT_STARTED"}],"operationType":"UPDATE_FUNCTION","buildName":"projects/355261380155/locations/us-central1/builds/58fb9466-b69f-430e-81eb-e4098797e5c0"},"done":false}
[debug] [2025-12-29T07:01:30.639Z] [update-default-us-central1-convertToAvif] Retrying task index 0
[debug] [2025-12-29T07:01:30.640Z] Checked if tokens are valid: true, expires at: 1766994650281
[debug] [2025-12-29T07:01:30.640Z] Checked if tokens are valid: true, expires at: 1766994650281
[debug] [2025-12-29T07:01:30.640Z] >>> [apiv2][query] GET https://cloudfunctions.googleapis.com/v2/projects/mobile-display-project/locations/us-central1/operations/operation-1766991694848-64711d04ae227-2d89683a-eca346a2 [none]
[debug] [2025-12-29T07:01:31.959Z] <<< [apiv2][status] GET https://cloudfunctions.googleapis.com/v2/projects/mobile-display-project/locations/us-central1/operations/operation-1766991694848-64711d04ae227-2d89683a-eca346a2 200
[debug] [2025-12-29T07:01:31.960Z] <<< [apiv2][body] GET https://cloudfunctions.googleapis.com/v2/projects/mobile-display-project/locations/us-central1/operations/operation-1766991694848-64711d04ae227-2d89683a-eca346a2 {"name":"projects/mobile-display-project/locations/us-central1/operations/operation-1766991694848-64711d04ae227-2d89683a-eca346a2","metadata":{"@type":"type.googleapis.com/google.cloud.functions.v2.OperationMetadata","createTime":"2025-12-29T07:01:35.585795305Z","target":"projects/mobile-display-project/locations/us-central1/functions/convertToAvif","verb":"update","cancelRequested":false,"apiVersion":"v2","requestResource":{"@type":"type.googleapis.com/google.cloud.functions.v2.Function","name":"projects/mobile-display-project/locations/us-central1/functions/convertToAvif","buildConfig":{"runtime":"nodejs22","entryPoint":"convertToAvif","source":{"storageSource":{"bucket":"gcf-v2-sources-355261380155-us-central1","object":"convertToAvif/function-source.zip","generation":"1766991695539770"}},"environmentVariables":{"GOOGLE_NODE_RUN_SCRIPTS":""},"dockerRepository":"projects/mobile-display-project/locations/us-central1/repositories/gcf-artifacts","sourceProvenance":{"resolvedStorageSource":{"bucket":"gcf-v2-sources-355261380155-us-central1","object":"convertToAvif/function-source.zip","generation":"1766991281196708"}},"dockerRegistry":"ARTIFACT_REGISTRY","serviceAccount":"projects/mobile-display-project/serviceAccounts/355261380155-compute@developer.gserviceaccount.com","automaticUpdatePolicy":{}},"serviceConfig":{"service":"projects/mobile-display-project/locations/us-central1/services/converttoavif","timeoutSeconds":60,"environmentVariables":{"FIREBASE_CONFIG":"{\"projectId\":\"mobile-display-project\",\"storageBucket\":\"mobile-display-project.firebasestorage.app\"}","GCLOUD_PROJECT":"mobile-display-project","EVENTARC_CLOUD_EVENT_SOURCE":"projects/mobile-display-project/locations/us-central1/services/convertToAvif","FUNCTION_SIGNATURE_TYPE":"cloudevent","FUNCTION_TARGET":"convertToAvif","LOG_EXECUTION_ID":"true"},"maxInstanceCount":10,"ingressSettings":"ALLOW_ALL","uri":"https://converttoavif-zd7e5hnt7q-uc.a.run.app","serviceAccountEmail":"355261380155-compute@developer.gserviceaccount.com","availableMemory":"512Mi","allTrafficOnLatestRevision":true,"revision":"converttoavif-00003-cav","maxInstanceRequestConcurrency":80,"availableCpu":"1"},"eventTrigger":{"trigger":"projects/mobile-display-project/locations/us-central1/triggers/converttoavif-922515","triggerRegion":"us-central1","eventType":"google.cloud.storage.object.v1.finalized","eventFilters":[{"attribute":"bucket","value":"mobile-display-project.firebasestorage.app"}],"pubsubTopic":"projects/mobile-display-project/topics/eventarc-us-central1-converttoavif-922515-319","serviceAccountEmail":"355261380155-compute@developer.gserviceaccount.com","retryPolicy":"RETRY_POLICY_DO_NOT_RETRY"},"state":"ACTIVE","labels":{"deployment-tool":"cli-firebase","firebase-functions-hash":"c479815b755bff3cd3930db4c1e61403eaa3f26b"},"environment":"GEN_2","url":"https://us-central1-mobile-display-project.cloudfunctions.net/convertToAvif","satisfiesPzi":true},"stages":[{"name":"BUILD","message":"Build in progress","state":"IN_PROGRESS","resource":"projects/355261380155/locations/us-central1/builds/58fb9466-b69f-430e-81eb-e4098797e5c0","resourceUri":"https://console.cloud.google.com/cloud-build/builds;region=us-central1/58fb9466-b69f-430e-81eb-e4098797e5c0?project=355261380155"},{"name":"SERVICE","state":"NOT_STARTED"},{"name":"TRIGGER","state":"NOT_STARTED"}],"operationType":"UPDATE_FUNCTION","buildName":"projects/355261380155/locations/us-central1/builds/58fb9466-b69f-430e-81eb-e4098797e5c0"},"done":false}
[debug] [2025-12-29T07:01:33.980Z] [update-default-us-central1-convertToAvif] Retrying task index 0
[debug] [2025-12-29T07:01:33.980Z] Checked if tokens are valid: true, expires at: 1766994650281
[debug] [2025-12-29T07:01:33.980Z] Checked if tokens are valid: true, expires at: 1766994650281
[debug] [2025-12-29T07:01:33.981Z] >>> [apiv2][query] GET https://cloudfunctions.googleapis.com/v2/projects/mobile-display-project/locations/us-central1/operations/operation-1766991694848-64711d04ae227-2d89683a-eca346a2 [none]
[debug] [2025-12-29T07:01:35.307Z] <<< [apiv2][status] GET https://cloudfunctions.googleapis.com/v2/projects/mobile-display-project/locations/us-central1/operations/operation-1766991694848-64711d04ae227-2d89683a-eca346a2 200
[debug] [2025-12-29T07:01:35.308Z] <<< [apiv2][body] GET https://cloudfunctions.googleapis.com/v2/projects/mobile-display-project/locations/us-central1/operations/operation-1766991694848-64711d04ae227-2d89683a-eca346a2 {"name":"projects/mobile-display-project/locations/us-central1/operations/operation-1766991694848-64711d04ae227-2d89683a-eca346a2","metadata":{"@type":"type.googleapis.com/google.cloud.functions.v2.OperationMetadata","createTime":"2025-12-29T07:01:35.585795305Z","target":"projects/mobile-display-project/locations/us-central1/functions/convertToAvif","verb":"update","cancelRequested":false,"apiVersion":"v2","requestResource":{"@type":"type.googleapis.com/google.cloud.functions.v2.Function","name":"projects/mobile-display-project/locations/us-central1/functions/convertToAvif","buildConfig":{"runtime":"nodejs22","entryPoint":"convertToAvif","source":{"storageSource":{"bucket":"gcf-v2-sources-355261380155-us-central1","object":"convertToAvif/function-source.zip","generation":"1766991695539770"}},"environmentVariables":{"GOOGLE_NODE_RUN_SCRIPTS":""},"dockerRepository":"projects/mobile-display-project/locations/us-central1/repositories/gcf-artifacts","sourceProvenance":{"resolvedStorageSource":{"bucket":"gcf-v2-sources-355261380155-us-central1","object":"convertToAvif/function-source.zip","generation":"1766991281196708"}},"dockerRegistry":"ARTIFACT_REGISTRY","serviceAccount":"projects/mobile-display-project/serviceAccounts/355261380155-compute@developer.gserviceaccount.com","automaticUpdatePolicy":{}},"serviceConfig":{"service":"projects/mobile-display-project/locations/us-central1/services/converttoavif","timeoutSeconds":60,"environmentVariables":{"FIREBASE_CONFIG":"{\"projectId\":\"mobile-display-project\",\"storageBucket\":\"mobile-display-project.firebasestorage.app\"}","GCLOUD_PROJECT":"mobile-display-project","EVENTARC_CLOUD_EVENT_SOURCE":"projects/mobile-display-project/locations/us-central1/services/convertToAvif","FUNCTION_SIGNATURE_TYPE":"cloudevent","FUNCTION_TARGET":"convertToAvif","LOG_EXECUTION_ID":"true"},"maxInstanceCount":10,"ingressSettings":"ALLOW_ALL","uri":"https://converttoavif-zd7e5hnt7q-uc.a.run.app","serviceAccountEmail":"355261380155-compute@developer.gserviceaccount.com","availableMemory":"512Mi","allTrafficOnLatestRevision":true,"revision":"converttoavif-00003-cav","maxInstanceRequestConcurrency":80,"availableCpu":"1"},"eventTrigger":{"trigger":"projects/mobile-display-project/locations/us-central1/triggers/converttoavif-922515","triggerRegion":"us-central1","eventType":"google.cloud.storage.object.v1.finalized","eventFilters":[{"attribute":"bucket","value":"mobile-display-project.firebasestorage.app"}],"pubsubTopic":"projects/mobile-display-project/topics/eventarc-us-central1-converttoavif-922515-319","serviceAccountEmail":"355261380155-compute@developer.gserviceaccount.com","retryPolicy":"RETRY_POLICY_DO_NOT_RETRY"},"state":"ACTIVE","labels":{"deployment-tool":"cli-firebase","firebase-functions-hash":"c479815b755bff3cd3930db4c1e61403eaa3f26b"},"environment":"GEN_2","url":"https://us-central1-mobile-display-project.cloudfunctions.net/convertToAvif","satisfiesPzi":true},"stages":[{"name":"BUILD","message":"Build in progress","state":"IN_PROGRESS","resource":"projects/355261380155/locations/us-central1/builds/58fb9466-b69f-430e-81eb-e4098797e5c0","resourceUri":"https://console.cloud.google.com/cloud-build/builds;region=us-central1/58fb9466-b69f-430e-81eb-e4098797e5c0?project=355261380155"},{"name":"SERVICE","state":"NOT_STARTED"},{"name":"TRIGGER","state":"NOT_STARTED"}],"operationType":"UPDATE_FUNCTION","buildName":"projects/355261380155/locations/us-central1/builds/58fb9466-b69f-430e-81eb-e4098797e5c0"},"done":false}
[debug] [2025-12-29T07:01:39.310Z] [update-default-us-central1-convertToAvif] Retrying task index 0
[debug] [2025-12-29T07:01:39.311Z] Checked if tokens are valid: true, expires at: 1766994650281
[debug] [2025-12-29T07:01:39.311Z] Checked if tokens are valid: true, expires at: 1766994650281
[debug] [2025-12-29T07:01:39.311Z] >>> [apiv2][query] GET https://cloudfunctions.googleapis.com/v2/projects/mobile-display-project/locations/us-central1/operations/operation-1766991694848-64711d04ae227-2d89683a-eca346a2 [none]
[debug] [2025-12-29T07:01:40.595Z] <<< [apiv2][status] GET https://cloudfunctions.googleapis.com/v2/projects/mobile-display-project/locations/us-central1/operations/operation-1766991694848-64711d04ae227-2d89683a-eca346a2 200
[debug] [2025-12-29T07:01:40.595Z] <<< [apiv2][body] GET https://cloudfunctions.googleapis.com/v2/projects/mobile-display-project/locations/us-central1/operations/operation-1766991694848-64711d04ae227-2d89683a-eca346a2 {"name":"projects/mobile-display-project/locations/us-central1/operations/operation-1766991694848-64711d04ae227-2d89683a-eca346a2","metadata":{"@type":"type.googleapis.com/google.cloud.functions.v2.OperationMetadata","createTime":"2025-12-29T07:01:35.585795305Z","target":"projects/mobile-display-project/locations/us-central1/functions/convertToAvif","verb":"update","cancelRequested":false,"apiVersion":"v2","requestResource":{"@type":"type.googleapis.com/google.cloud.functions.v2.Function","name":"projects/mobile-display-project/locations/us-central1/functions/convertToAvif","buildConfig":{"runtime":"nodejs22","entryPoint":"convertToAvif","source":{"storageSource":{"bucket":"gcf-v2-sources-355261380155-us-central1","object":"convertToAvif/function-source.zip","generation":"1766991695539770"}},"environmentVariables":{"GOOGLE_NODE_RUN_SCRIPTS":""},"dockerRepository":"projects/mobile-display-project/locations/us-central1/repositories/gcf-artifacts","sourceProvenance":{"resolvedStorageSource":{"bucket":"gcf-v2-sources-355261380155-us-central1","object":"convertToAvif/function-source.zip","generation":"1766991281196708"}},"dockerRegistry":"ARTIFACT_REGISTRY","serviceAccount":"projects/mobile-display-project/serviceAccounts/355261380155-compute@developer.gserviceaccount.com","automaticUpdatePolicy":{}},"serviceConfig":{"service":"projects/mobile-display-project/locations/us-central1/services/converttoavif","timeoutSeconds":60,"environmentVariables":{"FIREBASE_CONFIG":"{\"projectId\":\"mobile-display-project\",\"storageBucket\":\"mobile-display-project.firebasestorage.app\"}","GCLOUD_PROJECT":"mobile-display-project","EVENTARC_CLOUD_EVENT_SOURCE":"projects/mobile-display-project/locations/us-central1/services/convertToAvif","FUNCTION_SIGNATURE_TYPE":"cloudevent","FUNCTION_TARGET":"convertToAvif","LOG_EXECUTION_ID":"true"},"maxInstanceCount":10,"ingressSettings":"ALLOW_ALL","uri":"https://converttoavif-zd7e5hnt7q-uc.a.run.app","serviceAccountEmail":"355261380155-compute@developer.gserviceaccount.com","availableMemory":"512Mi","allTrafficOnLatestRevision":true,"revision":"converttoavif-00003-cav","maxInstanceRequestConcurrency":80,"availableCpu":"1"},"eventTrigger":{"trigger":"projects/mobile-display-project/locations/us-central1/triggers/converttoavif-922515","triggerRegion":"us-central1","eventType":"google.cloud.storage.object.v1.finalized","eventFilters":[{"attribute":"bucket","value":"mobile-display-project.firebasestorage.app"}],"pubsubTopic":"projects/mobile-display-project/topics/eventarc-us-central1-converttoavif-922515-319","serviceAccountEmail":"355261380155-compute@developer.gserviceaccount.com","retryPolicy":"RETRY_POLICY_DO_NOT_RETRY"},"state":"ACTIVE","labels":{"deployment-tool":"cli-firebase","firebase-functions-hash":"c479815b755bff3cd3930db4c1e61403eaa3f26b"},"environment":"GEN_2","url":"https://us-central1-mobile-display-project.cloudfunctions.net/convertToAvif","satisfiesPzi":true},"stages":[{"name":"BUILD","message":"Build in progress","state":"IN_PROGRESS","resource":"projects/355261380155/locations/us-central1/builds/58fb9466-b69f-430e-81eb-e4098797e5c0","resourceUri":"https://console.cloud.google.com/cloud-build/builds;region=us-central1/58fb9466-b69f-430e-81eb-e4098797e5c0?project=355261380155"},{"name":"SERVICE","state":"NOT_STARTED"},{"name":"TRIGGER","state":"NOT_STARTED"}],"operationType":"UPDATE_FUNCTION","buildName":"projects/355261380155/locations/us-central1/builds/58fb9466-b69f-430e-81eb-e4098797e5c0"},"done":false}
[debug] [2025-12-29T07:01:48.598Z] [update-default-us-central1-convertToAvif] Retrying task index 0
[debug] [2025-12-29T07:01:48.601Z] Checked if tokens are valid: true, expires at: 1766994650281
[debug] [2025-12-29T07:01:48.601Z] Checked if tokens are valid: true, expires at: 1766994650281
[debug] [2025-12-29T07:01:48.601Z] >>> [apiv2][query] GET https://cloudfunctions.googleapis.com/v2/projects/mobile-display-project/locations/us-central1/operations/operation-1766991694848-64711d04ae227-2d89683a-eca346a2 [none]
[debug] [2025-12-29T07:01:49.972Z] <<< [apiv2][status] GET https://cloudfunctions.googleapis.com/v2/projects/mobile-display-project/locations/us-central1/operations/operation-1766991694848-64711d04ae227-2d89683a-eca346a2 200
[debug] [2025-12-29T07:01:49.972Z] <<< [apiv2][body] GET https://cloudfunctions.googleapis.com/v2/projects/mobile-display-project/locations/us-central1/operations/operation-1766991694848-64711d04ae227-2d89683a-eca346a2 {"name":"projects/mobile-display-project/locations/us-central1/operations/operation-1766991694848-64711d04ae227-2d89683a-eca346a2","metadata":{"@type":"type.googleapis.com/google.cloud.functions.v2.OperationMetadata","createTime":"2025-12-29T07:01:35.585795305Z","target":"projects/mobile-display-project/locations/us-central1/functions/convertToAvif","verb":"update","cancelRequested":false,"apiVersion":"v2","requestResource":{"@type":"type.googleapis.com/google.cloud.functions.v2.Function","name":"projects/mobile-display-project/locations/us-central1/functions/convertToAvif","buildConfig":{"runtime":"nodejs22","entryPoint":"convertToAvif","source":{"storageSource":{"bucket":"gcf-v2-sources-355261380155-us-central1","object":"convertToAvif/function-source.zip","generation":"1766991695539770"}},"environmentVariables":{"GOOGLE_NODE_RUN_SCRIPTS":""},"dockerRepository":"projects/mobile-display-project/locations/us-central1/repositories/gcf-artifacts","sourceProvenance":{"resolvedStorageSource":{"bucket":"gcf-v2-sources-355261380155-us-central1","object":"convertToAvif/function-source.zip","generation":"1766991281196708"}},"dockerRegistry":"ARTIFACT_REGISTRY","serviceAccount":"projects/mobile-display-project/serviceAccounts/355261380155-compute@developer.gserviceaccount.com","automaticUpdatePolicy":{}},"serviceConfig":{"service":"projects/mobile-display-project/locations/us-central1/services/converttoavif","timeoutSeconds":60,"environmentVariables":{"FIREBASE_CONFIG":"{\"projectId\":\"mobile-display-project\",\"storageBucket\":\"mobile-display-project.firebasestorage.app\"}","GCLOUD_PROJECT":"mobile-display-project","EVENTARC_CLOUD_EVENT_SOURCE":"projects/mobile-display-project/locations/us-central1/services/convertToAvif","FUNCTION_SIGNATURE_TYPE":"cloudevent","FUNCTION_TARGET":"convertToAvif","LOG_EXECUTION_ID":"true"},"maxInstanceCount":10,"ingressSettings":"ALLOW_ALL","uri":"https://converttoavif-zd7e5hnt7q-uc.a.run.app","serviceAccountEmail":"355261380155-compute@developer.gserviceaccount.com","availableMemory":"512Mi","allTrafficOnLatestRevision":true,"revision":"converttoavif-00003-cav","maxInstanceRequestConcurrency":80,"availableCpu":"1"},"eventTrigger":{"trigger":"projects/mobile-display-project/locations/us-central1/triggers/converttoavif-922515","triggerRegion":"us-central1","eventType":"google.cloud.storage.object.v1.finalized","eventFilters":[{"attribute":"bucket","value":"mobile-display-project.firebasestorage.app"}],"pubsubTopic":"projects/mobile-display-project/topics/eventarc-us-central1-converttoavif-922515-319","serviceAccountEmail":"355261380155-compute@developer.gserviceaccount.com","retryPolicy":"RETRY_POLICY_DO_NOT_RETRY"},"state":"ACTIVE","labels":{"deployment-tool":"cli-firebase","firebase-functions-hash":"c479815b755bff3cd3930db4c1e61403eaa3f26b"},"environment":"GEN_2","url":"https://us-central1-mobile-display-project.cloudfunctions.net/convertToAvif","satisfiesPzi":true},"stages":[{"name":"BUILD","message":"Build in progress","state":"IN_PROGRESS","resource":"projects/355261380155/locations/us-central1/builds/58fb9466-b69f-430e-81eb-e4098797e5c0","resourceUri":"https://console.cloud.google.com/cloud-build/builds;region=us-central1/58fb9466-b69f-430e-81eb-e4098797e5c0?project=355261380155"},{"name":"SERVICE","state":"NOT_STARTED"},{"name":"TRIGGER","state":"NOT_STARTED"}],"operationType":"UPDATE_FUNCTION","buildName":"projects/355261380155/locations/us-central1/builds/58fb9466-b69f-430e-81eb-e4098797e5c0"},"done":false}
[debug] [2025-12-29T07:01:59.977Z] [update-default-us-central1-convertToAvif] Retrying task index 0
[debug] [2025-12-29T07:01:59.978Z] Checked if tokens are valid: true, expires at: 1766994650281
[debug] [2025-12-29T07:01:59.978Z] Checked if tokens are valid: true, expires at: 1766994650281
[debug] [2025-12-29T07:01:59.978Z] >>> [apiv2][query] GET https://cloudfunctions.googleapis.com/v2/projects/mobile-display-project/locations/us-central1/operations/operation-1766991694848-64711d04ae227-2d89683a-eca346a2 [none]
[debug] [2025-12-29T07:02:01.335Z] <<< [apiv2][status] GET https://cloudfunctions.googleapis.com/v2/projects/mobile-display-project/locations/us-central1/operations/operation-1766991694848-64711d04ae227-2d89683a-eca346a2 200
[debug] [2025-12-29T07:02:01.335Z] <<< [apiv2][body] GET https://cloudfunctions.googleapis.com/v2/projects/mobile-display-project/locations/us-central1/operations/operation-1766991694848-64711d04ae227-2d89683a-eca346a2 {"name":"projects/mobile-display-project/locations/us-central1/operations/operation-1766991694848-64711d04ae227-2d89683a-eca346a2","metadata":{"@type":"type.googleapis.com/google.cloud.functions.v2.OperationMetadata","createTime":"2025-12-29T07:01:35.585795305Z","target":"projects/mobile-display-project/locations/us-central1/functions/convertToAvif","verb":"update","cancelRequested":false,"apiVersion":"v2","requestResource":{"@type":"type.googleapis.com/google.cloud.functions.v2.Function","name":"projects/mobile-display-project/locations/us-central1/functions/convertToAvif","buildConfig":{"runtime":"nodejs22","entryPoint":"convertToAvif","source":{"storageSource":{"bucket":"gcf-v2-sources-355261380155-us-central1","object":"convertToAvif/function-source.zip","generation":"1766991695539770"}},"environmentVariables":{"GOOGLE_NODE_RUN_SCRIPTS":""},"dockerRepository":"projects/mobile-display-project/locations/us-central1/repositories/gcf-artifacts","sourceProvenance":{"resolvedStorageSource":{"bucket":"gcf-v2-sources-355261380155-us-central1","object":"convertToAvif/function-source.zip","generation":"1766991281196708"}},"dockerRegistry":"ARTIFACT_REGISTRY","serviceAccount":"projects/mobile-display-project/serviceAccounts/355261380155-compute@developer.gserviceaccount.com","automaticUpdatePolicy":{}},"serviceConfig":{"service":"projects/mobile-display-project/locations/us-central1/services/converttoavif","timeoutSeconds":60,"environmentVariables":{"FIREBASE_CONFIG":"{\"projectId\":\"mobile-display-project\",\"storageBucket\":\"mobile-display-project.firebasestorage.app\"}","GCLOUD_PROJECT":"mobile-display-project","EVENTARC_CLOUD_EVENT_SOURCE":"projects/mobile-display-project/locations/us-central1/services/convertToAvif","FUNCTION_SIGNATURE_TYPE":"cloudevent","FUNCTION_TARGET":"convertToAvif","LOG_EXECUTION_ID":"true"},"maxInstanceCount":10,"ingressSettings":"ALLOW_ALL","uri":"https://converttoavif-zd7e5hnt7q-uc.a.run.app","serviceAccountEmail":"355261380155-compute@developer.gserviceaccount.com","availableMemory":"512Mi","allTrafficOnLatestRevision":true,"revision":"converttoavif-00003-cav","maxInstanceRequestConcurrency":80,"availableCpu":"1"},"eventTrigger":{"trigger":"projects/mobile-display-project/locations/us-central1/triggers/converttoavif-922515","triggerRegion":"us-central1","eventType":"google.cloud.storage.object.v1.finalized","eventFilters":[{"attribute":"bucket","value":"mobile-display-project.firebasestorage.app"}],"pubsubTopic":"projects/mobile-display-project/topics/eventarc-us-central1-converttoavif-922515-319","serviceAccountEmail":"355261380155-compute@developer.gserviceaccount.com","retryPolicy":"RETRY_POLICY_DO_NOT_RETRY"},"state":"ACTIVE","labels":{"deployment-tool":"cli-firebase","firebase-functions-hash":"c479815b755bff3cd3930db4c1e61403eaa3f26b"},"environment":"GEN_2","url":"https://us-central1-mobile-display-project.cloudfunctions.net/convertToAvif","satisfiesPzi":true},"stages":[{"name":"BUILD","message":"Build in progress","state":"IN_PROGRESS","resource":"projects/355261380155/locations/us-central1/builds/58fb9466-b69f-430e-81eb-e4098797e5c0","resourceUri":"https://console.cloud.google.com/cloud-build/builds;region=us-central1/58fb9466-b69f-430e-81eb-e4098797e5c0?project=355261380155"},{"name":"SERVICE","state":"NOT_STARTED"},{"name":"TRIGGER","state":"NOT_STARTED"}],"operationType":"UPDATE_FUNCTION","buildName":"projects/355261380155/locations/us-central1/builds/58fb9466-b69f-430e-81eb-e4098797e5c0"},"done":false}
[debug] [2025-12-29T07:02:11.347Z] [update-default-us-central1-convertToAvif] Retrying task index 0
[debug] [2025-12-29T07:02:11.348Z] Checked if tokens are valid: true, expires at: 1766994650281
[debug] [2025-12-29T07:02:11.348Z] Checked if tokens are valid: true, expires at: 1766994650281
[debug] [2025-12-29T07:02:11.348Z] >>> [apiv2][query] GET https://cloudfunctions.googleapis.com/v2/projects/mobile-display-project/locations/us-central1/operations/operation-1766991694848-64711d04ae227-2d89683a-eca346a2 [none]
[debug] [2025-12-29T07:02:12.698Z] <<< [apiv2][status] GET https://cloudfunctions.googleapis.com/v2/projects/mobile-display-project/locations/us-central1/operations/operation-1766991694848-64711d04ae227-2d89683a-eca346a2 200
[debug] [2025-12-29T07:02:12.699Z] <<< [apiv2][body] GET https://cloudfunctions.googleapis.com/v2/projects/mobile-display-project/locations/us-central1/operations/operation-1766991694848-64711d04ae227-2d89683a-eca346a2 {"name":"projects/mobile-display-project/locations/us-central1/operations/operation-1766991694848-64711d04ae227-2d89683a-eca346a2","metadata":{"@type":"type.googleapis.com/google.cloud.functions.v2.OperationMetadata","createTime":"2025-12-29T07:01:35.585795305Z","target":"projects/mobile-display-project/locations/us-central1/functions/convertToAvif","verb":"update","cancelRequested":false,"apiVersion":"v2","requestResource":{"@type":"type.googleapis.com/google.cloud.functions.v2.Function","name":"projects/mobile-display-project/locations/us-central1/functions/convertToAvif","buildConfig":{"runtime":"nodejs22","entryPoint":"convertToAvif","source":{"storageSource":{"bucket":"gcf-v2-sources-355261380155-us-central1","object":"convertToAvif/function-source.zip","generation":"1766991695539770"}},"environmentVariables":{"GOOGLE_NODE_RUN_SCRIPTS":""},"dockerRepository":"projects/mobile-display-project/locations/us-central1/repositories/gcf-artifacts","sourceProvenance":{"resolvedStorageSource":{"bucket":"gcf-v2-sources-355261380155-us-central1","object":"convertToAvif/function-source.zip","generation":"1766991281196708"}},"dockerRegistry":"ARTIFACT_REGISTRY","serviceAccount":"projects/mobile-display-project/serviceAccounts/355261380155-compute@developer.gserviceaccount.com","automaticUpdatePolicy":{}},"serviceConfig":{"service":"projects/mobile-display-project/locations/us-central1/services/converttoavif","timeoutSeconds":60,"environmentVariables":{"FIREBASE_CONFIG":"{\"projectId\":\"mobile-display-project\",\"storageBucket\":\"mobile-display-project.firebasestorage.app\"}","GCLOUD_PROJECT":"mobile-display-project","EVENTARC_CLOUD_EVENT_SOURCE":"projects/mobile-display-project/locations/us-central1/services/convertToAvif","FUNCTION_SIGNATURE_TYPE":"cloudevent","FUNCTION_TARGET":"convertToAvif","LOG_EXECUTION_ID":"true"},"maxInstanceCount":10,"ingressSettings":"ALLOW_ALL","uri":"https://converttoavif-zd7e5hnt7q-uc.a.run.app","serviceAccountEmail":"355261380155-compute@developer.gserviceaccount.com","availableMemory":"512Mi","allTrafficOnLatestRevision":true,"revision":"converttoavif-00003-cav","maxInstanceRequestConcurrency":80,"availableCpu":"1"},"eventTrigger":{"trigger":"projects/mobile-display-project/locations/us-central1/triggers/converttoavif-922515","triggerRegion":"us-central1","eventType":"google.cloud.storage.object.v1.finalized","eventFilters":[{"attribute":"bucket","value":"mobile-display-project.firebasestorage.app"}],"pubsubTopic":"projects/mobile-display-project/topics/eventarc-us-central1-converttoavif-922515-319","serviceAccountEmail":"355261380155-compute@developer.gserviceaccount.com","retryPolicy":"RETRY_POLICY_DO_NOT_RETRY"},"state":"ACTIVE","labels":{"deployment-tool":"cli-firebase","firebase-functions-hash":"c479815b755bff3cd3930db4c1e61403eaa3f26b"},"environment":"GEN_2","url":"https://us-central1-mobile-display-project.cloudfunctions.net/convertToAvif","satisfiesPzi":true},"stages":[{"name":"BUILD","message":"Build in progress","state":"IN_PROGRESS","resource":"projects/355261380155/locations/us-central1/builds/58fb9466-b69f-430e-81eb-e4098797e5c0","resourceUri":"https://console.cloud.google.com/cloud-build/builds;region=us-central1/58fb9466-b69f-430e-81eb-e4098797e5c0?project=355261380155"},{"name":"SERVICE","state":"NOT_STARTED"},{"name":"TRIGGER","state":"NOT_STARTED"}],"operationType":"UPDATE_FUNCTION","buildName":"projects/355261380155/locations/us-central1/builds/58fb9466-b69f-430e-81eb-e4098797e5c0"},"done":false}
